<?xml version="1.0" encoding="UTF-8"?>
<!-- Generated by org.testng.reporters.JUnitReportReporter -->
<testsuite hostname="KetkiS-SAG" failures="0" tests="3" name="day2_19052024.GroupDemo" time="0.018" errors="0" timestamp="2024-06-08T20:43:16 IST" skipped="0">
  <testcase classname="day2_19052024.GroupDemo" name="test3" time="0.015"/>
  <system-out/>
  <testcase classname="day2_19052024.GroupDemo" name="test6" time="0.002"/>
  <system-out/>
  <testcase classname="day2_19052024.GroupDemo" name="test7" time="0.001"/>
  <system-out/>
</testsuite> <!-- day2_19052024.GroupDemo -->
